[2026-01-26 06:54:09Z INFO HostContext] No proxy settings were found based on environmental variables (http_proxy/https_proxy/HTTP_PROXY/HTTPS_PROXY)
[2026-01-26 06:54:09Z INFO HostContext] Well known directory 'Bin': 'C:\Users\24049601\Downloads\RP\Semester 4\Mon - Tues DevOps Fundamentals - C270\Team2_Webapp\web-app\actions-runner\bin'
[2026-01-26 06:54:09Z INFO HostContext] Well known directory 'Root': 'C:\Users\24049601\Downloads\RP\Semester 4\Mon - Tues DevOps Fundamentals - C270\Team2_Webapp\web-app\actions-runner'
[2026-01-26 06:54:09Z INFO HostContext] Well known config file 'Credentials': 'C:\Users\24049601\Downloads\RP\Semester 4\Mon - Tues DevOps Fundamentals - C270\Team2_Webapp\web-app\actions-runner\.credentials'
[2026-01-26 06:54:09Z INFO HostContext] Well known directory 'Bin': 'C:\Users\24049601\Downloads\RP\Semester 4\Mon - Tues DevOps Fundamentals - C270\Team2_Webapp\web-app\actions-runner\bin'
[2026-01-26 06:54:09Z INFO HostContext] Well known directory 'Root': 'C:\Users\24049601\Downloads\RP\Semester 4\Mon - Tues DevOps Fundamentals - C270\Team2_Webapp\web-app\actions-runner'
[2026-01-26 06:54:09Z INFO HostContext] Well known config file 'Runner': 'C:\Users\24049601\Downloads\RP\Semester 4\Mon - Tues DevOps Fundamentals - C270\Team2_Webapp\web-app\actions-runner\.runner'
[2026-01-26 06:54:09Z INFO Worker] Version: 2.331.0
[2026-01-26 06:54:09Z INFO Worker] Commit: 39f6c643d3032f8795fa71f1482731ca90c8e038
[2026-01-26 06:54:09Z INFO Worker] Culture: en-SG
[2026-01-26 06:54:09Z INFO Worker] UI Culture: en-US
[2026-01-26 06:54:09Z INFO Worker] Waiting to receive the job message from the channel.
[2026-01-26 06:54:09Z INFO ProcessChannel] Receiving message of length 20340, with hash '9dafcf4474d51647bd593771c87059001d7eb557516bab685345e0842670b880'
[2026-01-26 06:54:09Z INFO Worker] Message received.
[2026-01-26 06:54:09Z INFO Worker] Job message:
 {
  "fileTable": [
    ".github/workflows/ci.yml"
  ],
  "mask": [
    {
      "type": "regex",
      "value": "***"
    },
    {
      "type": "regex",
      "value": "***"
    },
    {
      "type": "regex",
      "value": "***"
    },
    {
      "type": "regex",
      "value": "***"
    },
    {
      "type": "regex",
      "value": "***"
    },
    {
      "type": "regex",
      "value": "***"
    },
    {
      "type": "regex",
      "value": "***"
    },
    {
      "type": "regex",
      "value": "***"
    },
    {
      "type": "regex",
      "value": "***"
    },
    {
      "type": "regex",
      "value": "***"
    },
    {
      "type": "regex",
      "value": "***"
    },
    {
      "type": "regex",
      "value": "***"
    },
    {
      "type": "regex",
      "value": "***"
    },
    {
      "type": "regex",
      "value": "***"
    },
    {
      "type": "regex",
      "value": "***"
    },
    {
      "type": "regex",
      "value": "***"
    },
    {
      "type": "regex",
      "value": "***"
    },
    {
      "type": "regex",
      "value": "***"
    }
  ],
  "steps": [
    {
      "type": "action",
      "reference": {
        "type": "script"
      },
      "displayNameToken": {
        "type": 0,
        "file": 1,
        "line": 12,
        "col": 13,
        "lit": "Pull latest code"
      },
      "contextName": "__run",
      "inputs": {
        "type": 2,
        "map": [
          {
            "key": "script",
            "value": {
              "type": 0,
              "file": 1,
              "line": 14,
              "col": 12,
              "lit": "git -C \"C:\\Users\\24049601\\Downloads\\RP\\Semester 4\\Mon - Tues DevOps Fundamentals - C270\\Team2_Webapp\\web-app\" pull origin main"
            }
          },
          {
            "key": "shell",
            "value": {
              "type": 0,
              "file": 1,
              "line": 13,
              "col": 14,
              "lit": "powershell"
            }
          }
        ]
      },
      "condition": "success()",
      "id": "06ca7b25-b133-4d2f-893f-f59846243115",
      "name": "__run"
    },
    {
      "type": "action",
      "reference": {
        "type": "script"
      },
      "displayNameToken": {
        "type": 0,
        "file": 1,
        "line": 16,
        "col": 13,
        "lit": "Stop old Docker container if exists"
      },
      "contextName": "__run_2",
      "inputs": {
        "type": 2,
        "map": [
          {
            "key": "script",
            "value": {
              "type": 0,
              "file": 1,
              "line": 18,
              "col": 12,
              "lit": "docker stop drama-app 2>$null\ndocker rm drama-app 2>$null\n"
            }
          },
          {
            "key": "shell",
            "value": {
              "type": 0,
              "file": 1,
              "line": 17,
              "col": 14,
              "lit": "powershell"
            }
          }
        ]
      },
      "condition": "success()",
      "id": "b801ed77-1811-4003-a03f-2bfc20b349c8",
      "name": "__run_2"
    },
    {
      "type": "action",
      "reference": {
        "type": "script"
      },
      "displayNameToken": {
        "type": 0,
        "file": 1,
        "line": 22,
        "col": 13,
        "lit": "Build Docker image"
      },
      "contextName": "__run_3",
      "inputs": {
        "type": 2,
        "map": [
          {
            "key": "script",
            "value": {
              "type": 0,
              "file": 1,
              "line": 24,
              "col": 12,
              "lit": "docker build --no-cache -t drama-app ."
            }
          },
          {
            "key": "shell",
            "value": {
              "type": 0,
              "file": 1,
              "line": 23,
              "col": 14,
              "lit": "powershell"
            }
          }
        ]
      },
      "condition": "success()",
      "id": "4430d394-b3d0-4770-ba81-6b5308fb341c",
      "name": "__run_3"
    },
    {
      "type": "action",
      "reference": {
        "type": "script"
      },
      "displayNameToken": {
        "type": 0,
        "file": 1,
        "line": 26,
        "col": 13,
        "lit": "Run Docker container"
      },
      "contextName": "__run_4",
      "inputs": {
        "type": 2,
        "map": [
          {
            "key": "script",
            "value": {
              "type": 0,
              "file": 1,
              "line": 28,
              "col": 12,
              "lit": "docker run -d -p 3000:3000 --name drama-app drama-app"
            }
          },
          {
            "key": "shell",
            "value": {
              "type": 0,
              "file": 1,
              "line": 27,
              "col": 14,
              "lit": "powershell"
            }
          }
        ]
      },
      "condition": "success()",
      "id": "45954911-955b-4de5-8368-d72573c4465e",
      "name": "__run_4"
    },
    {
      "type": "action",
      "reference": {
        "type": "script"
      },
      "displayNameToken": {
        "type": 0,
        "file": 1,
        "line": 30,
        "col": 13,
        "lit": "Run CI test script"
      },
      "contextName": "__run_5",
      "inputs": {
        "type": 2,
        "map": [
          {
            "key": "script",
            "value": {
              "type": 0,
              "file": 1,
              "line": 31,
              "col": 12,
              "lit": "node ci_test.js"
            }
          }
        ]
      },
      "condition": "success()",
      "id": "15dba1a7-d2a6-45df-8491-4fe9f96c1b1b",
      "name": "__run_5"
    }
  ],
  "variables": {
    "Actions.EnableHttpRedirects": {
      "value": "true"
    },
    "DistributedTask.AddWarningToNode12Action": {
      "value": "true"
    },
    "DistributedTask.AddWarningToNode16Action": {
      "value": "true"
    },
    "DistributedTask.AllowRunnerContainerHooks": {
      "value": "true"
    },
    "DistributedTask.DeprecateStepOutputCommands": {
      "value": "true"
    },
    "DistributedTask.DetailUntarFailure": {
      "value": "true"
    },
    "DistributedTask.EnableCompositeActions": {
      "value": "true"
    },
    "DistributedTask.EnableJobServerQueueTelemetry": {
      "value": "true"
    },
    "DistributedTask.EnhancedAnnotations": {
      "value": "true"
    },
    "DistributedTask.ForceGithubJavascriptActionsToNode16": {
      "value": "true"
    },
    "DistributedTask.ForceGithubJavascriptActionsToNode20": {
      "value": "true"
    },
    "DistributedTask.LogTemplateErrorsAsDebugMessages": {
      "value": "true"
    },
    "DistributedTask.MarkJobAsFailedOnWorkerCrash": {
      "value": "true"
    },
    "DistributedTask.NewActionMetadata": {
      "value": "true"
    },
    "DistributedTask.UploadStepSummary": {
      "value": "true"
    },
    "DistributedTask.UseActionArchiveCache": {
      "value": "true"
    },
    "DistributedTask.UseWhich2": {
      "value": "true"
    },
    "RunService.FixEmbeddedIssues": {
      "value": "true"
    },
    "actions_add_check_run_id_to_job_context": {
      "value": "true"
    },
    "actions_container_action_runner_temp": {
      "value": "true"
    },
    "actions_display_helpful_actions_download_errors": {
      "value": "true"
    },
    "actions_runner_compare_workflow_parser": {
      "value": "false"
    },
    "actions_set_orchestration_id_env_for_actions": {
      "value": "false"
    },
    "actions_skip_retry_complete_job_upon_known_errors": {
      "value": "true"
    },
    "actions_uses_cache_service_v2": {
      "value": "true"
    },
    "github_token": {
      "value": "***",
      "isSecret": true
    },
    "system.from_run_service": {
      "value": "true"
    },
    "system.github.job": {
      "value": "update-localhost"
    },
    "system.github.launch_endpoint": {
      "value": "https://launch.actions.githubusercontent.com"
    },
    "system.github.results_endpoint": {
      "value": "https://results-receiver.actions.githubusercontent.com/"
    },
    "system.github.results_upload_with_sdk": {
      "value": "true"
    },
    "system.github.token": {
      "value": "***",
      "isSecret": true
    },
    "system.github.token.permissions": {
      "value": "{\"Contents\":\"read\",\"Metadata\":\"read\",\"Packages\":\"read\"}"
    },
    "system.orchestrationId": {
      "value": "25d65220-3e2a-4224-b661-aa9b089e2402.update-localhost.__default"
    },
    "system.phaseDisplayName": {
      "value": "update-localhost"
    },
    "system.runner.lowdiskspacethreshold": {
      "value": "100"
    },
    "system.runnerEnvironment": {
      "value": "self-hosted"
    },
    "system.runnerGroupName": {
      "value": "Default"
    }
  },
  "messageType": "RunnerJobRequest",
  "plan": {
    "scopeIdentifier": "00000000-0000-0000-0000-000000000000",
    "planType": "actions",
    "version": 0,
    "planId": "25d65220-3e2a-4224-b661-aa9b089e2402",
    "planGroup": null,
    "artifactUri": null,
    "artifactLocation": null,
    "definition": null,
    "owner": null
  },
  "timeline": {
    "id": "25d65220-3e2a-4224-b661-aa9b089e2402",
    "changeId": 0,
    "location": null
  },
  "jobId": "6943e79e-a061-5ec5-912d-196d7c44b6a5",
  "jobDisplayName": "update-localhost",
  "jobName": "__default",
  "requestId": 0,
  "lockedUntil": "0001-01-01T00:00:00",
  "resources": {
    "endpoints": [
      {
        "data": {
          "ServerId": "",
          "ServerName": "",
          "CacheServerUrl": "https://artifactcache.actions.githubusercontent.com/9OxPil5YIoMgxPByg8XMaKekMEIwt1hb3NG0APAp4k8qaAI2Oe/",
          "FeedStreamUrl": "wss://results-receiver.actions.githubusercontent.com/_ws/ingest.sock",
          "ResultsServiceUrl": "https://results-receiver.actions.githubusercontent.com/",
          "PipelinesServiceUrl": "https://pipelinesghubeus2.actions.githubusercontent.com/9OxPil5YIoMgxPByg8XMaKekMEIwt1hb3NG0APAp4k8qaAI2Oe/",
          "GenerateIdTokenUrl": "",
          "ConnectivityChecks": "[\"https://broker.actions.githubusercontent.com/health\",\"https://token.actions.githubusercontent.com/ready\"]"
        },
        "name": "SystemVssConnection",
        "url": "https://run-actions-1-azure-eastus.actions.githubusercontent.com/41/",
        "authorization": {
          "parameters": {
            "AccessToken": "***"
          },
          "scheme": "OAuth"
        },
        "isShared": false,
        "isReady": true
      }
    ]
  },
  "contextData": {
    "github": {
      "t": 2,
      "d": [
        {
          "k": "ref",
          "v": "refs/heads/main"
        },
        {
          "k": "sha",
          "v": "0933120578d126f11b826714c48f0e7ccc03a692"
        },
        {
          "k": "repository",
          "v": "grissomm/web-app"
        },
        {
          "k": "repository_owner",
          "v": "grissomm"
        },
        {
          "k": "repository_owner_id",
          "v": "213001881"
        },
        {
          "k": "repositoryUrl",
          "v": "git://github.com/grissomm/web-app.git"
        },
        {
          "k": "run_id",
          "v": "21348906269"
        },
        {
          "k": "run_number",
          "v": "33"
        },
        {
          "k": "retention_days",
          "v": "90"
        },
        {
          "k": "run_attempt",
          "v": "1"
        },
        {
          "k": "artifact_cache_size_limit",
          "v": "10"
        },
        {
          "k": "repository_visibility",
          "v": "private"
        },
        {
          "k": "actor_id",
          "v": "219142589"
        },
        {
          "k": "actor",
          "v": "eyen20"
        },
        {
          "k": "workflow",
          "v": "Update Localhost Website"
        },
        {
          "k": "head_ref",
          "v": ""
        },
        {
          "k": "base_ref",
          "v": ""
        },
        {
          "k": "event_name",
          "v": "push"
        },
        {
          "k": "server_url",
          "v": "https://github.com"
        },
        {
          "k": "api_url",
          "v": "https://api.github.com"
        },
        {
          "k": "graphql_url",
          "v": "https://api.github.com/graphql"
        },
        {
          "k": "ref_name",
          "v": "main"
        },
        {
          "k": "ref_protected",
          "v": false
        },
        {
          "k": "ref_type",
          "v": "branch"
        },
        {
          "k": "secret_source",
          "v": "Actions"
        },
        {
          "k": "event",
          "v": {
            "t": 2,
            "d": [
              {
                "k": "after",
                "v": "0933120578d126f11b826714c48f0e7ccc03a692"
              },
              {
                "k": "base_ref",
                "v": null
              },
              {
                "k": "before",
                "v": "d663f12f347e8a8c8e115af5c3fc9218065fc50a"
              },
              {
                "k": "commits",
                "v": {
                  "t": 1,
                  "a": [
                    {
                      "t": 2,
                      "d": [
                        {
                          "k": "author",
                          "v": {
                            "t": 2,
                            "d": [
                              {
                                "k": "email",
                                "v": "24049601@myrp.edu.sg"
                              },
                              {
                                "k": "name",
                                "v": "eyen20"
                              },
                              {
                                "k": "username",
                                "v": "eyen20"
                              }
                            ]
                          }
                        },
                        {
                          "k": "committer",
                          "v": {
                            "t": 2,
                            "d": [
                              {
                                "k": "email",
                                "v": "24049601@myrp.edu.sg"
                              },
                              {
                                "k": "name",
                                "v": "eyen20"
                              },
                              {
                                "k": "username",
                                "v": "eyen20"
                              }
                            ]
                          }
                        },
                        {
                          "k": "distinct",
                          "v": true
                        },
                        {
                          "k": "id",
                          "v": "0933120578d126f11b826714c48f0e7ccc03a692"
                        },
                        {
                          "k": "message",
                          "v": "Change condition for stop old docker"
                        },
                        {
                          "k": "timestamp",
                          "v": "2026-01-26T14:53:57+08:00"
                        },
                        {
                          "k": "tree_id",
                          "v": "dcd9f38dbf89f080f0a3f7162ff27e85fe5db3ea"
                        },
                        {
                          "k": "url",
                          "v": "https://github.com/grissomm/web-app/commit/0933120578d126f11b826714c48f0e7ccc03a692"
                        }
                      ]
                    }
                  ]
                }
              },
              {
                "k": "compare",
                "v": "https://github.com/grissomm/web-app/compare/d663f12f347e...0933120578d1"
              },
              {
                "k": "created",
                "v": false
              },
              {
                "k": "deleted",
                "v": false
              },
              {
                "k": "forced",
                "v": false
              },
              {
                "k": "head_commit",
                "v": {
                  "t": 2,
                  "d": [
                    {
                      "k": "author",
                      "v": {
                        "t": 2,
                        "d": [
                          {
                            "k": "email",
                            "v": "24049601@myrp.edu.sg"
                          },
                          {
                            "k": "name",
                            "v": "eyen20"
                          },
                          {
                            "k": "username",
                            "v": "eyen20"
                          }
                        ]
                      }
                    },
                    {
                      "k": "committer",
                      "v": {
                        "t": 2,
                        "d": [
                          {
                            "k": "email",
                            "v": "24049601@myrp.edu.sg"
                          },
                          {
                            "k": "name",
                            "v": "eyen20"
                          },
                          {
                            "k": "username",
                            "v": "eyen20"
                          }
                        ]
                      }
                    },
                    {
                      "k": "distinct",
                      "v": true
                    },
                    {
                      "k": "id",
                      "v": "0933120578d126f11b826714c48f0e7ccc03a692"
                    },
                    {
                      "k": "message",
                      "v": "Change condition for stop old docker"
                    },
                    {
                      "k": "timestamp",
                      "v": "2026-01-26T14:53:57+08:00"
                    },
                    {
                      "k": "tree_id",
                      "v": "dcd9f38dbf89f080f0a3f7162ff27e85fe5db3ea"
                    },
                    {
                      "k": "url",
                      "v": "https://github.com/grissomm/web-app/commit/0933120578d126f11b826714c48f0e7ccc03a692"
                    }
                  ]
                }
              },
              {
                "k": "pusher",
                "v": {
                  "t": 2,
                  "d": [
                    {
                      "k": "email",
                      "v": "24049601@myrp.edu.sg"
                    },
                    {
                      "k": "name",
                      "v": "eyen20"
                    }
                  ]
                }
              },
              {
                "k": "ref",
                "v": "refs/heads/main"
              },
              {
                "k": "repository",
                "v": {
                  "t": 2,
                  "d": [
                    {
                      "k": "allow_forking",
                      "v": true
                    },
                    {
                      "k": "archive_url",
                      "v": "https://api.github.com/repos/grissomm/web-app/{archive_format}{/ref}"
                    },
                    {
                      "k": "archived",
                      "v": false
                    },
                    {
                      "k": "assignees_url",
                      "v": "https://api.github.com/repos/grissomm/web-app/assignees{/user}"
                    },
                    {
                      "k": "blobs_url",
                      "v": "https://api.github.com/repos/grissomm/web-app/git/blobs{/sha}"
                    },
                    {
                      "k": "branches_url",
                      "v": "https://api.github.com/repos/grissomm/web-app/branches{/branch}"
                    },
                    {
                      "k": "clone_url",
                      "v": "https://github.com/grissomm/web-app.git"
                    },
                    {
                      "k": "collaborators_url",
                      "v": "https://api.github.com/repos/grissomm/web-app/collaborators{/collaborator}"
                    },
                    {
                      "k": "comments_url",
                      "v": "https://api.github.com/repos/grissomm/web-app/comments{/number}"
                    },
                    {
                      "k": "commits_url",
                      "v": "https://api.github.com/repos/grissomm/web-app/commits{/sha}"
                    },
                    {
                      "k": "compare_url",
                      "v": "https://api.github.com/repos/grissomm/web-app/compare/{base}...{head}"
                    },
                    {
                      "k": "contents_url",
                      "v": "https://api.github.com/repos/grissomm/web-app/contents/{+path}"
                    },
                    {
                      "k": "contributors_url",
                      "v": "https://api.github.com/repos/grissomm/web-app/contributors"
                    },
                    {
                      "k": "created_at",
                      "v": 1768897865.0
                    },
                    {
                      "k": "default_branch",
                      "v": "main"
                    },
                    {
                      "k": "deployments_url",
                      "v": "https://api.github.com/repos/grissomm/web-app/deployments"
                    },
                    {
                      "k": "description",
                      "v": null
                    },
                    {
                      "k": "disabled",
                      "v": false
                    },
                    {
                      "k": "downloads_url",
                      "v": "https://api.github.com/repos/grissomm/web-app/downloads"
                    },
                    {
                      "k": "events_url",
                      "v": "https://api.github.com/repos/grissomm/web-app/events"
                    },
                    {
                      "k": "fork",
                      "v": false
                    },
                    {
                      "k": "forks",
                      "v": 0.0
                    },
                    {
                      "k": "forks_count",
                      "v": 0.0
                    },
                    {
                      "k": "forks_url",
                      "v": "https://api.github.com/repos/grissomm/web-app/forks"
                    },
                    {
                      "k": "full_name",
                      "v": "grissomm/web-app"
                    },
                    {
                      "k": "git_commits_url",
                      "v": "https://api.github.com/repos/grissomm/web-app/git/commits{/sha}"
                    },
                    {
                      "k": "git_refs_url",
                      "v": "https://api.github.com/repos/grissomm/web-app/git/refs{/sha}"
                    },
                    {
                      "k": "git_tags_url",
                      "v": "https://api.github.com/repos/grissomm/web-app/git/tags{/sha}"
                    },
                    {
                      "k": "git_url",
                      "v": "git://github.com/grissomm/web-app.git"
                    },
                    {
                      "k": "has_discussions",
                      "v": false
                    },
                    {
                      "k": "has_downloads",
                      "v": true
                    },
                    {
                      "k": "has_issues",
                      "v": true
                    },
                    {
                      "k": "has_pages",
                      "v": false
                    },
                    {
                      "k": "has_projects",
                      "v": true
                    },
                    {
                      "k": "has_wiki",
                      "v": false
                    },
                    {
                      "k": "homepage",
                      "v": null
                    },
                    {
                      "k": "hooks_url",
                      "v": "https://api.github.com/repos/grissomm/web-app/hooks"
                    },
                    {
                      "k": "html_url",
                      "v": "https://github.com/grissomm/web-app"
                    },
                    {
                      "k": "id",
                      "v": 1138092988.0
                    },
                    {
                      "k": "is_template",
                      "v": false
                    },
                    {
                      "k": "issue_comment_url",
                      "v": "https://api.github.com/repos/grissomm/web-app/issues/comments{/number}"
                    },
                    {
                      "k": "issue_events_url",
                      "v": "https://api.github.com/repos/grissomm/web-app/issues/events{/number}"
                    },
                    {
                      "k": "issues_url",
                      "v": "https://api.github.com/repos/grissomm/web-app/issues{/number}"
                    },
                    {
                      "k": "keys_url",
                      "v": "https://api.github.com/repos/grissomm/web-app/keys{/key_id}"
                    },
                    {
                      "k": "labels_url",
                      "v": "https://api.github.com/repos/grissomm/web-app/labels{/name}"
                    },
                    {
                      "k": "language",
                      "v": "JavaScript"
                    },
                    {
                      "k": "languages_url",
                      "v": "https://api.github.com/repos/grissomm/web-app/languages"
                    },
                    {
                      "k": "license",
                      "v": null
                    },
                    {
                      "k": "master_branch",
                      "v": "main"
                    },
                    {
                      "k": "merges_url",
                      "v": "https://api.github.com/repos/grissomm/web-app/merges"
                    },
                    {
                      "k": "milestones_url",
                      "v": "https://api.github.com/repos/grissomm/web-app/milestones{/number}"
                    },
                    {
                      "k": "mirror_url",
                      "v": null
                    },
                    {
                      "k": "name",
                      "v": "web-app"
                    },
                    {
                      "k": "node_id",
                      "v": "R_kgDOQ9XrvA"
                    },
                    {
                      "k": "notifications_url",
                      "v": "https://api.github.com/repos/grissomm/web-app/notifications{?since,all,participating}"
                    },
                    {
                      "k": "open_issues",
                      "v": 0.0
                    },
                    {
                      "k": "open_issues_count",
                      "v": 0.0
                    },
                    {
                      "k": "owner",
                      "v": {
                        "t": 2,
                        "d": [
                          {
                            "k": "avatar_url",
                            "v": "https://avatars.githubusercontent.com/u/213001881?v=4"
                          },
                          {
                            "k": "email",
                            "v": "grissomlee10@gmail.com"
                          },
                          {
                            "k": "events_url",
                            "v": "https://api.github.com/users/grissomm/events{/privacy}"
                          },
                          {
                            "k": "followers_url",
                            "v": "https://api.github.com/users/grissomm/followers"
                          },
                          {
                            "k": "following_url",
                            "v": "https://api.github.com/users/grissomm/following{/other_user}"
                          },
                          {
                            "k": "gists_url",
                            "v": "https://api.github.com/users/grissomm/gists{/gist_id}"
                          },
                          {
                            "k": "gravatar_id",
                            "v": ""
                          },
                          {
                            "k": "html_url",
                            "v": "https://github.com/grissomm"
                          },
                          {
                            "k": "id",
                            "v": 213001881.0
                          },
                          {
                            "k": "login",
                            "v": "grissomm"
                          },
                          {
                            "k": "name",
                            "v": "grissomm"
                          },
                          {
                            "k": "node_id",
                            "v": "U_kgDODLImmQ"
                          },
                          {
                            "k": "organizations_url",
                            "v": "https://api.github.com/users/grissomm/orgs"
                          },
                          {
                            "k": "received_events_url",
                            "v": "https://api.github.com/users/grissomm/received_events"
                          },
                          {
                            "k": "repos_url",
                            "v": "https://api.github.com/users/grissomm/repos"
                          },
                          {
                            "k": "site_admin",
                            "v": false
                          },
                          {
                            "k": "starred_url",
                            "v": "https://api.github.com/users/grissomm/starred{/owner}{/repo}"
                          },
                          {
                            "k": "subscriptions_url",
                            "v": "https://api.github.com/users/grissomm/subscriptions"
                          },
                          {
                            "k": "type",
                            "v": "User"
                          },
                          {
                            "k": "url",
                            "v": "https://api.github.com/users/grissomm"
                          },
                          {
                            "k": "user_view_type",
                            "v": "public"
                          }
                        ]
                      }
                    },
                    {
                      "k": "private",
                      "v": true
                    },
                    {
                      "k": "pulls_url",
                      "v": "https://api.github.com/repos/grissomm/web-app/pulls{/number}"
                    },
                    {
                      "k": "pushed_at",
                      "v": 1769410443.0
                    },
                    {
                      "k": "releases_url",
                      "v": "https://api.github.com/repos/grissomm/web-app/releases{/id}"
                    },
                    {
                      "k": "size",
                      "v": 7981.0
                    },
                    {
                      "k": "ssh_url",
                      "v": "git@github.com:grissomm/web-app.git"
                    },
                    {
                      "k": "stargazers",
                      "v": 0.0
                    },
                    {
                      "k": "stargazers_count",
                      "v": 0.0
                    },
                    {
                      "k": "stargazers_url",
                      "v": "https://api.github.com/repos/grissomm/web-app/stargazers"
                    },
                    {
                      "k": "statuses_url",
                      "v": "https://api.github.com/repos/grissomm/web-app/statuses/{sha}"
                    },
                    {
                      "k": "subscribers_url",
                      "v": "https://api.github.com/repos/grissomm/web-app/subscribers"
                    },
                    {
                      "k": "subscription_url",
                      "v": "https://api.github.com/repos/grissomm/web-app/subscription"
                    },
                    {
                      "k": "svn_url",
                      "v": "https://github.com/grissomm/web-app"
                    },
                    {
                      "k": "tags_url",
                      "v": "https://api.github.com/repos/grissomm/web-app/tags"
                    },
                    {
                      "k": "teams_url",
                      "v": "https://api.github.com/repos/grissomm/web-app/teams"
                    },
                    {
                      "k": "topics",
                      "v": {
                        "t": 1
                      }
                    },
                    {
                      "k": "trees_url",
                      "v": "https://api.github.com/repos/grissomm/web-app/git/trees{/sha}"
                    },
                    {
                      "k": "updated_at",
                      "v": "2026-01-26T06:52:18Z"
                    },
                    {
                      "k": "url",
                      "v": "https://api.github.com/repos/grissomm/web-app"
                    },
                    {
                      "k": "visibility",
                      "v": "private"
                    },
                    {
                      "k": "watchers",
                      "v": 0.0
                    },
                    {
                      "k": "watchers_count",
                      "v": 0.0
                    },
                    {
                      "k": "web_commit_signoff_required",
                      "v": false
                    }
                  ]
                }
              },
              {
                "k": "sender",
                "v": {
                  "t": 2,
                  "d": [
                    {
                      "k": "avatar_url",
                      "v": "https://avatars.githubusercontent.com/u/219142589?v=4"
                    },
                    {
                      "k": "events_url",
                      "v": "https://api.github.com/users/eyen20/events{/privacy}"
                    },
                    {
                      "k": "followers_url",
                      "v": "https://api.github.com/users/eyen20/followers"
                    },
                    {
                      "k": "following_url",
                      "v": "https://api.github.com/users/eyen20/following{/other_user}"
                    },
                    {
                      "k": "gists_url",
                      "v": "https://api.github.com/users/eyen20/gists{/gist_id}"
                    },
                    {
                      "k": "gravatar_id",
                      "v": ""
                    },
                    {
                      "k": "html_url",
                      "v": "https://github.com/eyen20"
                    },
                    {
                      "k": "id",
                      "v": 219142589.0
                    },
                    {
                      "k": "login",
                      "v": "eyen20"
                    },
                    {
                      "k": "node_id",
                      "v": "U_kgDODQ_ZvQ"
                    },
                    {
                      "k": "organizations_url",
                      "v": "https://api.github.com/users/eyen20/orgs"
                    },
                    {
                      "k": "received_events_url",
                      "v": "https://api.github.com/users/eyen20/received_events"
                    },
                    {
                      "k": "repos_url",
                      "v": "https://api.github.com/users/eyen20/repos"
                    },
                    {
                      "k": "site_admin",
                      "v": false
                    },
                    {
                      "k": "starred_url",
                      "v": "https://api.github.com/users/eyen20/starred{/owner}{/repo}"
                    },
                    {
                      "k": "subscriptions_url",
                      "v": "https://api.github.com/users/eyen20/subscriptions"
                    },
                    {
                      "k": "type",
                      "v": "User"
                    },
                    {
                      "k": "url",
                      "v": "https://api.github.com/users/eyen20"
                    },
                    {
                      "k": "user_view_type",
                      "v": "public"
                    }
                  ]
                }
              }
            ]
          }
        },
        {
          "k": "workflow_ref",
          "v": "grissomm/web-app/.github/workflows/ci.yml@refs/heads/main"
        },
        {
          "k": "workflow_sha",
          "v": "0933120578d126f11b826714c48f0e7ccc03a692"
        },
        {
          "k": "repository_id",
          "v": "1138092988"
        },
        {
          "k": "triggering_actor",
          "v": "eyen20"
        }
      ]
    },
    "inputs": {
      "t": 2
    },
    "job": {
      "t": 2,
      "d": [
        {
          "k": "check_run_id",
          "v": 61441489284.0
        }
      ]
    },
    "matrix": null,
    "needs": {
      "t": 2
    },
    "strategy": {
      "t": 2,
      "d": [
        {
          "k": "fail-fast",
          "v": true
        },
        {
          "k": "job-index",
          "v": 0.0
        },
        {
          "k": "job-total",
          "v": 1.0
        },
        {
          "k": "max-parallel",
          "v": 1.0
        }
      ]
    },
    "vars": {
      "t": 2
    }
  },
  "billingOwnerId": "U_kgDODLImmQ"
}
[2026-01-26 06:54:09Z INFO JobRunner] Job ID 6943e79e-a061-5ec5-912d-196d7c44b6a5
[2026-01-26 06:54:09Z INFO ConfigurationStore] currentAssemblyLocation: C:\Users\24049601\Downloads\RP\Semester 4\Mon - Tues DevOps Fundamentals - C270\Team2_Webapp\web-app\actions-runner\bin\Runner.Worker.dll
[2026-01-26 06:54:09Z INFO HostContext] Well known directory 'Bin': 'C:\Users\24049601\Downloads\RP\Semester 4\Mon - Tues DevOps Fundamentals - C270\Team2_Webapp\web-app\actions-runner\bin'
[2026-01-26 06:54:09Z INFO ConfigurationStore] binPath: C:\Users\24049601\Downloads\RP\Semester 4\Mon - Tues DevOps Fundamentals - C270\Team2_Webapp\web-app\actions-runner\bin
[2026-01-26 06:54:09Z INFO HostContext] Well known directory 'Bin': 'C:\Users\24049601\Downloads\RP\Semester 4\Mon - Tues DevOps Fundamentals - C270\Team2_Webapp\web-app\actions-runner\bin'
[2026-01-26 06:54:09Z INFO HostContext] Well known directory 'Root': 'C:\Users\24049601\Downloads\RP\Semester 4\Mon - Tues DevOps Fundamentals - C270\Team2_Webapp\web-app\actions-runner'
[2026-01-26 06:54:09Z INFO ConfigurationStore] RootFolder: C:\Users\24049601\Downloads\RP\Semester 4\Mon - Tues DevOps Fundamentals - C270\Team2_Webapp\web-app\actions-runner
[2026-01-26 06:54:09Z INFO HostContext] Well known directory 'Bin': 'C:\Users\24049601\Downloads\RP\Semester 4\Mon - Tues DevOps Fundamentals - C270\Team2_Webapp\web-app\actions-runner\bin'
[2026-01-26 06:54:09Z INFO HostContext] Well known directory 'Root': 'C:\Users\24049601\Downloads\RP\Semester 4\Mon - Tues DevOps Fundamentals - C270\Team2_Webapp\web-app\actions-runner'
[2026-01-26 06:54:09Z INFO HostContext] Well known config file 'Runner': 'C:\Users\24049601\Downloads\RP\Semester 4\Mon - Tues DevOps Fundamentals - C270\Team2_Webapp\web-app\actions-runner\.runner'
[2026-01-26 06:54:09Z INFO ConfigurationStore] ConfigFilePath: C:\Users\24049601\Downloads\RP\Semester 4\Mon - Tues DevOps Fundamentals - C270\Team2_Webapp\web-app\actions-runner\.runner
[2026-01-26 06:54:09Z INFO HostContext] Well known directory 'Bin': 'C:\Users\24049601\Downloads\RP\Semester 4\Mon - Tues DevOps Fundamentals - C270\Team2_Webapp\web-app\actions-runner\bin'
[2026-01-26 06:54:09Z INFO HostContext] Well known directory 'Root': 'C:\Users\24049601\Downloads\RP\Semester 4\Mon - Tues DevOps Fundamentals - C270\Team2_Webapp\web-app\actions-runner'
[2026-01-26 06:54:09Z INFO HostContext] Well known config file 'MigratedRunner': 'C:\Users\24049601\Downloads\RP\Semester 4\Mon - Tues DevOps Fundamentals - C270\Team2_Webapp\web-app\actions-runner\.runner_migrated'
[2026-01-26 06:54:09Z INFO ConfigurationStore] MigratedConfigFilePath: C:\Users\24049601\Downloads\RP\Semester 4\Mon - Tues DevOps Fundamentals - C270\Team2_Webapp\web-app\actions-runner\.runner_migrated
[2026-01-26 06:54:09Z INFO HostContext] Well known directory 'Bin': 'C:\Users\24049601\Downloads\RP\Semester 4\Mon - Tues DevOps Fundamentals - C270\Team2_Webapp\web-app\actions-runner\bin'
[2026-01-26 06:54:09Z INFO HostContext] Well known directory 'Root': 'C:\Users\24049601\Downloads\RP\Semester 4\Mon - Tues DevOps Fundamentals - C270\Team2_Webapp\web-app\actions-runner'
[2026-01-26 06:54:09Z INFO HostContext] Well known config file 'Credentials': 'C:\Users\24049601\Downloads\RP\Semester 4\Mon - Tues DevOps Fundamentals - C270\Team2_Webapp\web-app\actions-runner\.credentials'
[2026-01-26 06:54:09Z INFO ConfigurationStore] CredFilePath: C:\Users\24049601\Downloads\RP\Semester 4\Mon - Tues DevOps Fundamentals - C270\Team2_Webapp\web-app\actions-runner\.credentials
[2026-01-26 06:54:09Z INFO HostContext] Well known directory 'Bin': 'C:\Users\24049601\Downloads\RP\Semester 4\Mon - Tues DevOps Fundamentals - C270\Team2_Webapp\web-app\actions-runner\bin'
[2026-01-26 06:54:09Z INFO HostContext] Well known directory 'Root': 'C:\Users\24049601\Downloads\RP\Semester 4\Mon - Tues DevOps Fundamentals - C270\Team2_Webapp\web-app\actions-runner'
[2026-01-26 06:54:09Z INFO HostContext] Well known config file 'MigratedCredentials': 'C:\Users\24049601\Downloads\RP\Semester 4\Mon - Tues DevOps Fundamentals - C270\Team2_Webapp\web-app\actions-runner\.credentials_migrated'
[2026-01-26 06:54:09Z INFO ConfigurationStore] MigratedCredFilePath: C:\Users\24049601\Downloads\RP\Semester 4\Mon - Tues DevOps Fundamentals - C270\Team2_Webapp\web-app\actions-runner\.credentials_migrated
[2026-01-26 06:54:09Z INFO HostContext] Well known directory 'Bin': 'C:\Users\24049601\Downloads\RP\Semester 4\Mon - Tues DevOps Fundamentals - C270\Team2_Webapp\web-app\actions-runner\bin'
[2026-01-26 06:54:09Z INFO HostContext] Well known directory 'Root': 'C:\Users\24049601\Downloads\RP\Semester 4\Mon - Tues DevOps Fundamentals - C270\Team2_Webapp\web-app\actions-runner'
[2026-01-26 06:54:09Z INFO HostContext] Well known config file 'Service': 'C:\Users\24049601\Downloads\RP\Semester 4\Mon - Tues DevOps Fundamentals - C270\Team2_Webapp\web-app\actions-runner\.service'
[2026-01-26 06:54:09Z INFO ConfigurationStore] ServiceConfigFilePath: C:\Users\24049601\Downloads\RP\Semester 4\Mon - Tues DevOps Fundamentals - C270\Team2_Webapp\web-app\actions-runner\.service
[2026-01-26 06:54:09Z INFO ConfigurationStore] Read setting file: 397 chars
[2026-01-26 06:54:09Z INFO JobRunner] Initializing launch client
[2026-01-26 06:54:09Z INFO JobServerQueue] Initializing results client
[2026-01-26 06:54:09Z INFO ResultServer] Creating websocket client ...wss://results-receiver.actions.githubusercontent.com/_ws/ingest.sock
[2026-01-26 06:54:09Z INFO ResultServer] Attempting to start websocket client with delay 00:00:00.
[2026-01-26 06:54:09Z INFO JobServerQueue] Start process web console line queue.
[2026-01-26 06:54:09Z INFO JobServerQueue] Start process file upload queue.
[2026-01-26 06:54:09Z INFO JobServerQueue] Start results file upload queue.
[2026-01-26 06:54:09Z INFO JobServerQueue] Starting results-based upload queue...
[2026-01-26 06:54:09Z INFO JobServerQueue] Start process timeline update queue.
[2026-01-26 06:54:09Z INFO ExecutionContext] Initializing Job context
[2026-01-26 06:54:09Z INFO ExecutionContext] Initialize GitHub context
[2026-01-26 06:54:09Z INFO ExecutionContext] Initialize Env context
[2026-01-26 06:54:09Z INFO HostContext] Well known directory 'Bin': 'C:\Users\24049601\Downloads\RP\Semester 4\Mon - Tues DevOps Fundamentals - C270\Team2_Webapp\web-app\actions-runner\bin'
[2026-01-26 06:54:09Z INFO HostContext] Well known directory 'Root': 'C:\Users\24049601\Downloads\RP\Semester 4\Mon - Tues DevOps Fundamentals - C270\Team2_Webapp\web-app\actions-runner'
[2026-01-26 06:54:09Z INFO HostContext] Well known directory 'Diag': 'C:\Users\24049601\Downloads\RP\Semester 4\Mon - Tues DevOps Fundamentals - C270\Team2_Webapp\web-app\actions-runner\_diag'
[2026-01-26 06:54:09Z INFO HostContext] Well known directory 'Bin': 'C:\Users\24049601\Downloads\RP\Semester 4\Mon - Tues DevOps Fundamentals - C270\Team2_Webapp\web-app\actions-runner\bin'
[2026-01-26 06:54:09Z INFO HostContext] Well known directory 'Root': 'C:\Users\24049601\Downloads\RP\Semester 4\Mon - Tues DevOps Fundamentals - C270\Team2_Webapp\web-app\actions-runner'
[2026-01-26 06:54:09Z INFO HostContext] Well known directory 'Diag': 'C:\Users\24049601\Downloads\RP\Semester 4\Mon - Tues DevOps Fundamentals - C270\Team2_Webapp\web-app\actions-runner\_diag'
[2026-01-26 06:54:09Z INFO JobRunner] Starting the job execution context.
[2026-01-26 06:54:09Z INFO HostContext] Well known directory 'Bin': 'C:\Users\24049601\Downloads\RP\Semester 4\Mon - Tues DevOps Fundamentals - C270\Team2_Webapp\web-app\actions-runner\bin'
[2026-01-26 06:54:09Z INFO HostContext] Well known directory 'Root': 'C:\Users\24049601\Downloads\RP\Semester 4\Mon - Tues DevOps Fundamentals - C270\Team2_Webapp\web-app\actions-runner'
[2026-01-26 06:54:09Z INFO HostContext] Well known directory 'Work': 'C:\Users\24049601\Downloads\RP\Semester 4\Mon - Tues DevOps Fundamentals - C270\Team2_Webapp\web-app\actions-runner\_work'
[2026-01-26 06:54:09Z INFO JobRunner] Validating directory permissions for: 'C:\Users\24049601\Downloads\RP\Semester 4\Mon - Tues DevOps Fundamentals - C270\Team2_Webapp\web-app\actions-runner\_work'
[2026-01-26 06:54:09Z INFO HostContext] Well known directory 'Bin': 'C:\Users\24049601\Downloads\RP\Semester 4\Mon - Tues DevOps Fundamentals - C270\Team2_Webapp\web-app\actions-runner\bin'
[2026-01-26 06:54:09Z INFO HostContext] Well known directory 'Root': 'C:\Users\24049601\Downloads\RP\Semester 4\Mon - Tues DevOps Fundamentals - C270\Team2_Webapp\web-app\actions-runner'
[2026-01-26 06:54:09Z INFO HostContext] Well known directory 'Work': 'C:\Users\24049601\Downloads\RP\Semester 4\Mon - Tues DevOps Fundamentals - C270\Team2_Webapp\web-app\actions-runner\_work'
[2026-01-26 06:54:09Z INFO HostContext] Well known directory 'Tools': 'C:\Users\24049601\Downloads\RP\Semester 4\Mon - Tues DevOps Fundamentals - C270\Team2_Webapp\web-app\actions-runner\_work\_tool'
[2026-01-26 06:54:09Z INFO HostContext] Well known directory 'Bin': 'C:\Users\24049601\Downloads\RP\Semester 4\Mon - Tues DevOps Fundamentals - C270\Team2_Webapp\web-app\actions-runner\bin'
[2026-01-26 06:54:09Z INFO HostContext] Well known directory 'Root': 'C:\Users\24049601\Downloads\RP\Semester 4\Mon - Tues DevOps Fundamentals - C270\Team2_Webapp\web-app\actions-runner'
[2026-01-26 06:54:09Z INFO HostContext] Well known directory 'Work': 'C:\Users\24049601\Downloads\RP\Semester 4\Mon - Tues DevOps Fundamentals - C270\Team2_Webapp\web-app\actions-runner\_work'
[2026-01-26 06:54:09Z INFO HostContext] Well known directory 'Temp': 'C:\Users\24049601\Downloads\RP\Semester 4\Mon - Tues DevOps Fundamentals - C270\Team2_Webapp\web-app\actions-runner\_work\_temp'
[2026-01-26 06:54:09Z INFO JobRunner] Getting job extension.
[2026-01-26 06:54:09Z INFO JobRunner] Initialize job. Getting all job steps.
[2026-01-26 06:54:09Z INFO HostContext] Well known directory 'Bin': 'C:\Users\24049601\Downloads\RP\Semester 4\Mon - Tues DevOps Fundamentals - C270\Team2_Webapp\web-app\actions-runner\bin'
[2026-01-26 06:54:09Z INFO HostContext] Well known directory 'Root': 'C:\Users\24049601\Downloads\RP\Semester 4\Mon - Tues DevOps Fundamentals - C270\Team2_Webapp\web-app\actions-runner'
[2026-01-26 06:54:09Z INFO HostContext] Well known directory 'Diag': 'C:\Users\24049601\Downloads\RP\Semester 4\Mon - Tues DevOps Fundamentals - C270\Team2_Webapp\web-app\actions-runner\_diag'
[2026-01-26 06:54:09Z INFO HostContext] Well known directory 'Bin': 'C:\Users\24049601\Downloads\RP\Semester 4\Mon - Tues DevOps Fundamentals - C270\Team2_Webapp\web-app\actions-runner\bin'
[2026-01-26 06:54:09Z INFO HostContext] Well known directory 'Root': 'C:\Users\24049601\Downloads\RP\Semester 4\Mon - Tues DevOps Fundamentals - C270\Team2_Webapp\web-app\actions-runner'
[2026-01-26 06:54:09Z INFO HostContext] Well known directory 'Diag': 'C:\Users\24049601\Downloads\RP\Semester 4\Mon - Tues DevOps Fundamentals - C270\Team2_Webapp\web-app\actions-runner\_diag'
[2026-01-26 06:54:09Z INFO HostContext] Well known directory 'Bin': 'C:\Users\24049601\Downloads\RP\Semester 4\Mon - Tues DevOps Fundamentals - C270\Team2_Webapp\web-app\actions-runner\bin'
[2026-01-26 06:54:09Z INFO HostContext] Well known directory 'Root': 'C:\Users\24049601\Downloads\RP\Semester 4\Mon - Tues DevOps Fundamentals - C270\Team2_Webapp\web-app\actions-runner'
[2026-01-26 06:54:09Z INFO HostContext] Well known config file 'Credentials': 'C:\Users\24049601\Downloads\RP\Semester 4\Mon - Tues DevOps Fundamentals - C270\Team2_Webapp\web-app\actions-runner\.credentials'
[2026-01-26 06:54:09Z INFO HostContext] Well known directory 'Bin': 'C:\Users\24049601\Downloads\RP\Semester 4\Mon - Tues DevOps Fundamentals - C270\Team2_Webapp\web-app\actions-runner\bin'
[2026-01-26 06:54:09Z INFO HostContext] Well known directory 'Root': 'C:\Users\24049601\Downloads\RP\Semester 4\Mon - Tues DevOps Fundamentals - C270\Team2_Webapp\web-app\actions-runner'
[2026-01-26 06:54:09Z INFO HostContext] Well known config file 'SetupInfo': 'C:\Users\24049601\Downloads\RP\Semester 4\Mon - Tues DevOps Fundamentals - C270\Team2_Webapp\web-app\actions-runner\.setup_info'
[2026-01-26 06:54:09Z INFO HostContext] Well known directory 'Bin': 'C:\Users\24049601\Downloads\RP\Semester 4\Mon - Tues DevOps Fundamentals - C270\Team2_Webapp\web-app\actions-runner\bin'
[2026-01-26 06:54:09Z INFO HostContext] Well known directory 'Root': 'C:\Users\24049601\Downloads\RP\Semester 4\Mon - Tues DevOps Fundamentals - C270\Team2_Webapp\web-app\actions-runner'
[2026-01-26 06:54:09Z INFO HostContext] Well known directory 'Work': 'C:\Users\24049601\Downloads\RP\Semester 4\Mon - Tues DevOps Fundamentals - C270\Team2_Webapp\web-app\actions-runner\_work'
[2026-01-26 06:54:09Z INFO PipelineDirectoryManager] Loading tracking config if exists: C:\Users\24049601\Downloads\RP\Semester 4\Mon - Tues DevOps Fundamentals - C270\Team2_Webapp\web-app\actions-runner\_work\_PipelineMapping\grissomm/web-app\PipelineFolder.json
[2026-01-26 06:54:09Z INFO PipelineDirectoryManager] Updating job run properties.
[2026-01-26 06:54:09Z INFO HostContext] Well known directory 'Bin': 'C:\Users\24049601\Downloads\RP\Semester 4\Mon - Tues DevOps Fundamentals - C270\Team2_Webapp\web-app\actions-runner\bin'
[2026-01-26 06:54:09Z INFO HostContext] Well known directory 'Root': 'C:\Users\24049601\Downloads\RP\Semester 4\Mon - Tues DevOps Fundamentals - C270\Team2_Webapp\web-app\actions-runner'
[2026-01-26 06:54:09Z INFO HostContext] Well known directory 'Work': 'C:\Users\24049601\Downloads\RP\Semester 4\Mon - Tues DevOps Fundamentals - C270\Team2_Webapp\web-app\actions-runner\_work'
[2026-01-26 06:54:09Z INFO HostContext] Well known directory 'Bin': 'C:\Users\24049601\Downloads\RP\Semester 4\Mon - Tues DevOps Fundamentals - C270\Team2_Webapp\web-app\actions-runner\bin'
[2026-01-26 06:54:09Z INFO HostContext] Well known directory 'Root': 'C:\Users\24049601\Downloads\RP\Semester 4\Mon - Tues DevOps Fundamentals - C270\Team2_Webapp\web-app\actions-runner'
[2026-01-26 06:54:09Z INFO HostContext] Well known directory 'Work': 'C:\Users\24049601\Downloads\RP\Semester 4\Mon - Tues DevOps Fundamentals - C270\Team2_Webapp\web-app\actions-runner\_work'
[2026-01-26 06:54:09Z INFO HostContext] Well known directory 'Bin': 'C:\Users\24049601\Downloads\RP\Semester 4\Mon - Tues DevOps Fundamentals - C270\Team2_Webapp\web-app\actions-runner\bin'
[2026-01-26 06:54:09Z INFO HostContext] Well known directory 'Root': 'C:\Users\24049601\Downloads\RP\Semester 4\Mon - Tues DevOps Fundamentals - C270\Team2_Webapp\web-app\actions-runner'
[2026-01-26 06:54:09Z INFO HostContext] Well known directory 'Work': 'C:\Users\24049601\Downloads\RP\Semester 4\Mon - Tues DevOps Fundamentals - C270\Team2_Webapp\web-app\actions-runner\_work'
[2026-01-26 06:54:09Z INFO JobExtension] Downloading actions
[2026-01-26 06:54:09Z INFO HostContext] Well known directory 'Bin': 'C:\Users\24049601\Downloads\RP\Semester 4\Mon - Tues DevOps Fundamentals - C270\Team2_Webapp\web-app\actions-runner\bin'
[2026-01-26 06:54:09Z INFO HostContext] Well known directory 'Root': 'C:\Users\24049601\Downloads\RP\Semester 4\Mon - Tues DevOps Fundamentals - C270\Team2_Webapp\web-app\actions-runner'
[2026-01-26 06:54:09Z INFO HostContext] Well known directory 'Work': 'C:\Users\24049601\Downloads\RP\Semester 4\Mon - Tues DevOps Fundamentals - C270\Team2_Webapp\web-app\actions-runner\_work'
[2026-01-26 06:54:09Z INFO HostContext] Well known directory 'Actions': 'C:\Users\24049601\Downloads\RP\Semester 4\Mon - Tues DevOps Fundamentals - C270\Team2_Webapp\web-app\actions-runner\_work\_actions'
[2026-01-26 06:54:09Z INFO JobExtension] Adding .
[2026-01-26 06:54:09Z INFO JobExtension] Adding .
[2026-01-26 06:54:09Z INFO JobExtension] Adding .
[2026-01-26 06:54:09Z INFO JobExtension] Adding .
[2026-01-26 06:54:09Z INFO JobExtension] Adding .
[2026-01-26 06:54:09Z INFO HostContext] Well known directory 'Bin': 'C:\Users\24049601\Downloads\RP\Semester 4\Mon - Tues DevOps Fundamentals - C270\Team2_Webapp\web-app\actions-runner\bin'
[2026-01-26 06:54:09Z INFO HostContext] Well known directory 'Root': 'C:\Users\24049601\Downloads\RP\Semester 4\Mon - Tues DevOps Fundamentals - C270\Team2_Webapp\web-app\actions-runner'
[2026-01-26 06:54:09Z INFO HostContext] Well known directory 'Diag': 'C:\Users\24049601\Downloads\RP\Semester 4\Mon - Tues DevOps Fundamentals - C270\Team2_Webapp\web-app\actions-runner\_diag'
[2026-01-26 06:54:09Z INFO HostContext] Well known directory 'Bin': 'C:\Users\24049601\Downloads\RP\Semester 4\Mon - Tues DevOps Fundamentals - C270\Team2_Webapp\web-app\actions-runner\bin'
[2026-01-26 06:54:09Z INFO HostContext] Well known directory 'Root': 'C:\Users\24049601\Downloads\RP\Semester 4\Mon - Tues DevOps Fundamentals - C270\Team2_Webapp\web-app\actions-runner'
[2026-01-26 06:54:09Z INFO HostContext] Well known directory 'Diag': 'C:\Users\24049601\Downloads\RP\Semester 4\Mon - Tues DevOps Fundamentals - C270\Team2_Webapp\web-app\actions-runner\_diag'
[2026-01-26 06:54:09Z INFO HostContext] Well known directory 'Bin': 'C:\Users\24049601\Downloads\RP\Semester 4\Mon - Tues DevOps Fundamentals - C270\Team2_Webapp\web-app\actions-runner\bin'
[2026-01-26 06:54:09Z INFO HostContext] Well known directory 'Root': 'C:\Users\24049601\Downloads\RP\Semester 4\Mon - Tues DevOps Fundamentals - C270\Team2_Webapp\web-app\actions-runner'
[2026-01-26 06:54:09Z INFO HostContext] Well known directory 'Diag': 'C:\Users\24049601\Downloads\RP\Semester 4\Mon - Tues DevOps Fundamentals - C270\Team2_Webapp\web-app\actions-runner\_diag'
[2026-01-26 06:54:09Z INFO HostContext] Well known directory 'Bin': 'C:\Users\24049601\Downloads\RP\Semester 4\Mon - Tues DevOps Fundamentals - C270\Team2_Webapp\web-app\actions-runner\bin'
[2026-01-26 06:54:09Z INFO HostContext] Well known directory 'Root': 'C:\Users\24049601\Downloads\RP\Semester 4\Mon - Tues DevOps Fundamentals - C270\Team2_Webapp\web-app\actions-runner'
[2026-01-26 06:54:09Z INFO HostContext] Well known directory 'Diag': 'C:\Users\24049601\Downloads\RP\Semester 4\Mon - Tues DevOps Fundamentals - C270\Team2_Webapp\web-app\actions-runner\_diag'
[2026-01-26 06:54:09Z INFO HostContext] Well known directory 'Bin': 'C:\Users\24049601\Downloads\RP\Semester 4\Mon - Tues DevOps Fundamentals - C270\Team2_Webapp\web-app\actions-runner\bin'
[2026-01-26 06:54:09Z INFO HostContext] Well known directory 'Root': 'C:\Users\24049601\Downloads\RP\Semester 4\Mon - Tues DevOps Fundamentals - C270\Team2_Webapp\web-app\actions-runner'
[2026-01-26 06:54:09Z INFO HostContext] Well known directory 'Diag': 'C:\Users\24049601\Downloads\RP\Semester 4\Mon - Tues DevOps Fundamentals - C270\Team2_Webapp\web-app\actions-runner\_diag'
[2026-01-26 06:54:09Z INFO HostContext] Well known directory 'Bin': 'C:\Users\24049601\Downloads\RP\Semester 4\Mon - Tues DevOps Fundamentals - C270\Team2_Webapp\web-app\actions-runner\bin'
[2026-01-26 06:54:09Z INFO HostContext] Well known directory 'Root': 'C:\Users\24049601\Downloads\RP\Semester 4\Mon - Tues DevOps Fundamentals - C270\Team2_Webapp\web-app\actions-runner'
[2026-01-26 06:54:09Z INFO HostContext] Well known directory 'Diag': 'C:\Users\24049601\Downloads\RP\Semester 4\Mon - Tues DevOps Fundamentals - C270\Team2_Webapp\web-app\actions-runner\_diag'
[2026-01-26 06:54:09Z INFO HostContext] Well known directory 'Bin': 'C:\Users\24049601\Downloads\RP\Semester 4\Mon - Tues DevOps Fundamentals - C270\Team2_Webapp\web-app\actions-runner\bin'
[2026-01-26 06:54:09Z INFO HostContext] Well known directory 'Root': 'C:\Users\24049601\Downloads\RP\Semester 4\Mon - Tues DevOps Fundamentals - C270\Team2_Webapp\web-app\actions-runner'
[2026-01-26 06:54:09Z INFO HostContext] Well known directory 'Diag': 'C:\Users\24049601\Downloads\RP\Semester 4\Mon - Tues DevOps Fundamentals - C270\Team2_Webapp\web-app\actions-runner\_diag'
[2026-01-26 06:54:09Z INFO HostContext] Well known directory 'Bin': 'C:\Users\24049601\Downloads\RP\Semester 4\Mon - Tues DevOps Fundamentals - C270\Team2_Webapp\web-app\actions-runner\bin'
[2026-01-26 06:54:09Z INFO HostContext] Well known directory 'Root': 'C:\Users\24049601\Downloads\RP\Semester 4\Mon - Tues DevOps Fundamentals - C270\Team2_Webapp\web-app\actions-runner'
[2026-01-26 06:54:09Z INFO HostContext] Well known directory 'Diag': 'C:\Users\24049601\Downloads\RP\Semester 4\Mon - Tues DevOps Fundamentals - C270\Team2_Webapp\web-app\actions-runner\_diag'
[2026-01-26 06:54:09Z INFO HostContext] Well known directory 'Bin': 'C:\Users\24049601\Downloads\RP\Semester 4\Mon - Tues DevOps Fundamentals - C270\Team2_Webapp\web-app\actions-runner\bin'
[2026-01-26 06:54:09Z INFO HostContext] Well known directory 'Root': 'C:\Users\24049601\Downloads\RP\Semester 4\Mon - Tues DevOps Fundamentals - C270\Team2_Webapp\web-app\actions-runner'
[2026-01-26 06:54:09Z INFO HostContext] Well known directory 'Diag': 'C:\Users\24049601\Downloads\RP\Semester 4\Mon - Tues DevOps Fundamentals - C270\Team2_Webapp\web-app\actions-runner\_diag'
[2026-01-26 06:54:09Z INFO HostContext] Well known directory 'Bin': 'C:\Users\24049601\Downloads\RP\Semester 4\Mon - Tues DevOps Fundamentals - C270\Team2_Webapp\web-app\actions-runner\bin'
[2026-01-26 06:54:09Z INFO HostContext] Well known directory 'Root': 'C:\Users\24049601\Downloads\RP\Semester 4\Mon - Tues DevOps Fundamentals - C270\Team2_Webapp\web-app\actions-runner'
[2026-01-26 06:54:09Z INFO HostContext] Well known directory 'Diag': 'C:\Users\24049601\Downloads\RP\Semester 4\Mon - Tues DevOps Fundamentals - C270\Team2_Webapp\web-app\actions-runner\_diag'
[2026-01-26 06:54:09Z INFO JobExtension] Total accessible running process: 371.
[2026-01-26 06:54:09Z INFO HostContext] Well known directory 'Bin': 'C:\Users\24049601\Downloads\RP\Semester 4\Mon - Tues DevOps Fundamentals - C270\Team2_Webapp\web-app\actions-runner\bin'
[2026-01-26 06:54:09Z INFO HostContext] Well known directory 'Root': 'C:\Users\24049601\Downloads\RP\Semester 4\Mon - Tues DevOps Fundamentals - C270\Team2_Webapp\web-app\actions-runner'
[2026-01-26 06:54:09Z INFO HostContext] Well known directory 'Work': 'C:\Users\24049601\Downloads\RP\Semester 4\Mon - Tues DevOps Fundamentals - C270\Team2_Webapp\web-app\actions-runner\_work'
[2026-01-26 06:54:09Z INFO JobExtension] Start checking server connectivity.
[2026-01-26 06:54:09Z INFO JobExtension] Check server connectivity for https://broker.actions.githubusercontent.com/health.
[2026-01-26 06:54:09Z INFO JobExtension] Check server connectivity for https://token.actions.githubusercontent.com/ready.
[2026-01-26 06:54:09Z INFO JobExtension] Start checking service connectivity in background.
[2026-01-26 06:54:09Z INFO ExecutionContext] Publish step telemetry for current step {
  "action": "setup_job",
  "type": "runner",
  "stage": "Pre",
  "stepId": "9f29c74c-d2b0-4310-a2db-8d4a038f9668",
  "result": "succeeded",
  "errorMessages": [],
  "executionTimeInSeconds": 1,
  "startTime": "2026-01-26T06:54:09.5829208Z",
  "finishTime": "2026-01-26T06:54:09.6497752Z"
}.
[2026-01-26 06:54:09Z INFO JobRunner] Total job steps: 5.
[2026-01-26 06:54:09Z INFO JobRunner] Run all job steps.
[2026-01-26 06:54:09Z INFO StepsRunner] Processing step: DisplayName='Pull latest code'
[2026-01-26 06:54:09Z INFO StepsRunner] Evaluating: success()
[2026-01-26 06:54:09Z INFO StepsRunner] Result: true
[2026-01-26 06:54:09Z INFO StepsRunner] Starting the step.
[2026-01-26 06:54:09Z INFO HostContext] Well known directory 'Bin': 'C:\Users\24049601\Downloads\RP\Semester 4\Mon - Tues DevOps Fundamentals - C270\Team2_Webapp\web-app\actions-runner\bin'
[2026-01-26 06:54:09Z INFO HostContext] Well known directory 'Root': 'C:\Users\24049601\Downloads\RP\Semester 4\Mon - Tues DevOps Fundamentals - C270\Team2_Webapp\web-app\actions-runner'
[2026-01-26 06:54:09Z INFO HostContext] Well known directory 'Work': 'C:\Users\24049601\Downloads\RP\Semester 4\Mon - Tues DevOps Fundamentals - C270\Team2_Webapp\web-app\actions-runner\_work'
[2026-01-26 06:54:09Z INFO StepsRunner] Which2: 'chcp'
[2026-01-26 06:54:09Z INFO StepsRunner] Location: 'C:\Windows\system32\chcp.COM'
[2026-01-26 06:54:09Z INFO ProcessInvokerWrapper] Starting process:
[2026-01-26 06:54:09Z INFO ProcessInvokerWrapper]   File name: 'C:\Windows\system32\chcp.COM'
[2026-01-26 06:54:09Z INFO ProcessInvokerWrapper]   Arguments: '65001'
[2026-01-26 06:54:09Z INFO ProcessInvokerWrapper]   Working directory: 'C:\Users\24049601\Downloads\RP\Semester 4\Mon - Tues DevOps Fundamentals - C270\Team2_Webapp\web-app\actions-runner\_work'
[2026-01-26 06:54:09Z INFO ProcessInvokerWrapper]   Require exit code zero: 'False'
[2026-01-26 06:54:09Z INFO ProcessInvokerWrapper]   Encoding web name:  ; code page: ''
[2026-01-26 06:54:09Z INFO ProcessInvokerWrapper]   Force kill process on cancellation: 'False'
[2026-01-26 06:54:09Z INFO ProcessInvokerWrapper]   Redirected STDIN: 'False'
[2026-01-26 06:54:09Z INFO ProcessInvokerWrapper]   Persist current code page: 'True'
[2026-01-26 06:54:09Z INFO ProcessInvokerWrapper]   Keep redirected STDIN open: 'False'
[2026-01-26 06:54:09Z INFO ProcessInvokerWrapper]   High priority process: 'False'
[2026-01-26 06:54:09Z INFO ProcessInvokerWrapper] Process started with process id 59688, waiting for process exit.
[2026-01-26 06:54:09Z INFO Worker] Listening for cancel message from the channel.
[2026-01-26 06:54:09Z INFO Worker] Waiting for the job to complete or for a cancel message from the channel.
[2026-01-26 06:54:09Z INFO ProcessInvokerWrapper] STDOUT/STDERR stream read finished.
[2026-01-26 06:54:09Z INFO ProcessInvokerWrapper] STDOUT/STDERR stream read finished.
[2026-01-26 06:54:09Z INFO ProcessInvokerWrapper] Finished process 59688 with exit code 0, and elapsed time 00:00:00.0207378.
[2026-01-26 06:54:09Z INFO StepsRunner] Successfully returned to code page 65001 (UTF8)
[2026-01-26 06:54:09Z INFO HostContext] Well known directory 'Bin': 'C:\Users\24049601\Downloads\RP\Semester 4\Mon - Tues DevOps Fundamentals - C270\Team2_Webapp\web-app\actions-runner\bin'
[2026-01-26 06:54:09Z INFO HostContext] Well known directory 'Root': 'C:\Users\24049601\Downloads\RP\Semester 4\Mon - Tues DevOps Fundamentals - C270\Team2_Webapp\web-app\actions-runner'
[2026-01-26 06:54:09Z INFO HostContext] Well known directory 'Work': 'C:\Users\24049601\Downloads\RP\Semester 4\Mon - Tues DevOps Fundamentals - C270\Team2_Webapp\web-app\actions-runner\_work'
[2026-01-26 06:54:09Z INFO HostContext] Well known directory 'Temp': 'C:\Users\24049601\Downloads\RP\Semester 4\Mon - Tues DevOps Fundamentals - C270\Team2_Webapp\web-app\actions-runner\_work\_temp'
[2026-01-26 06:54:09Z INFO ExecutionContext] Write event payload to C:\Users\24049601\Downloads\RP\Semester 4\Mon - Tues DevOps Fundamentals - C270\Team2_Webapp\web-app\actions-runner\_work\_temp\_github_workflow\event.json
[2026-01-26 06:54:09Z INFO HostContext] Well known directory 'Bin': 'C:\Users\24049601\Downloads\RP\Semester 4\Mon - Tues DevOps Fundamentals - C270\Team2_Webapp\web-app\actions-runner\bin'
[2026-01-26 06:54:09Z INFO HostContext] Well known directory 'Root': 'C:\Users\24049601\Downloads\RP\Semester 4\Mon - Tues DevOps Fundamentals - C270\Team2_Webapp\web-app\actions-runner'
[2026-01-26 06:54:09Z INFO HostContext] Well known directory 'Work': 'C:\Users\24049601\Downloads\RP\Semester 4\Mon - Tues DevOps Fundamentals - C270\Team2_Webapp\web-app\actions-runner\_work'
[2026-01-26 06:54:09Z INFO HostContext] Well known directory 'Temp': 'C:\Users\24049601\Downloads\RP\Semester 4\Mon - Tues DevOps Fundamentals - C270\Team2_Webapp\web-app\actions-runner\_work\_temp'
[2026-01-26 06:54:09Z INFO ExtensionManager] Getting extensions for interface: 'GitHub.Runner.Worker.IFileCommandExtension'
[2026-01-26 06:54:09Z INFO ExtensionManager] Creating instance: GitHub.Runner.Worker.AddPathFileCommand, Runner.Worker
[2026-01-26 06:54:09Z INFO ExtensionManager] Creating instance: GitHub.Runner.Worker.SetEnvFileCommand, Runner.Worker
[2026-01-26 06:54:09Z INFO ExtensionManager] Creating instance: GitHub.Runner.Worker.CreateStepSummaryCommand, Runner.Worker
[2026-01-26 06:54:09Z INFO ExtensionManager] Creating instance: GitHub.Runner.Worker.SaveStateFileCommand, Runner.Worker
[2026-01-26 06:54:09Z INFO ExtensionManager] Creating instance: GitHub.Runner.Worker.SetOutputFileCommand, Runner.Worker
[2026-01-26 06:54:09Z INFO ExtensionManager] Getting extensions for interface: 'GitHub.Runner.Worker.IActionCommandExtension'
[2026-01-26 06:54:09Z INFO ExtensionManager] Creating instance: GitHub.Runner.Worker.InternalPluginSetRepoPathCommandExtension, Runner.Worker
[2026-01-26 06:54:09Z INFO ExtensionManager] Creating instance: GitHub.Runner.Worker.SetEnvCommandExtension, Runner.Worker
[2026-01-26 06:54:09Z INFO ExtensionManager] Creating instance: GitHub.Runner.Worker.SetOutputCommandExtension, Runner.Worker
[2026-01-26 06:54:09Z INFO ExtensionManager] Creating instance: GitHub.Runner.Worker.SaveStateCommandExtension, Runner.Worker
[2026-01-26 06:54:09Z INFO ExtensionManager] Creating instance: GitHub.Runner.Worker.AddPathCommandExtension, Runner.Worker
[2026-01-26 06:54:09Z INFO ExtensionManager] Creating instance: GitHub.Runner.Worker.AddMaskCommandExtension, Runner.Worker
[2026-01-26 06:54:09Z INFO ExtensionManager] Creating instance: GitHub.Runner.Worker.AddMatcherCommandExtension, Runner.Worker
[2026-01-26 06:54:09Z INFO ExtensionManager] Creating instance: GitHub.Runner.Worker.RemoveMatcherCommandExtension, Runner.Worker
[2026-01-26 06:54:09Z INFO ExtensionManager] Creating instance: GitHub.Runner.Worker.WarningCommandExtension, Runner.Worker
[2026-01-26 06:54:09Z INFO ExtensionManager] Creating instance: GitHub.Runner.Worker.ErrorCommandExtension, Runner.Worker
[2026-01-26 06:54:09Z INFO ExtensionManager] Creating instance: GitHub.Runner.Worker.NoticeCommandExtension, Runner.Worker
[2026-01-26 06:54:09Z INFO ExtensionManager] Creating instance: GitHub.Runner.Worker.DebugCommandExtension, Runner.Worker
[2026-01-26 06:54:09Z INFO ExtensionManager] Creating instance: GitHub.Runner.Worker.GroupCommandExtension, Runner.Worker
[2026-01-26 06:54:09Z INFO ExtensionManager] Creating instance: GitHub.Runner.Worker.EndGroupCommandExtension, Runner.Worker
[2026-01-26 06:54:09Z INFO ExtensionManager] Creating instance: GitHub.Runner.Worker.EchoCommandExtension, Runner.Worker
[2026-01-26 06:54:09Z INFO ActionCommandManager] Register action command extension for command internal-set-repo-path
[2026-01-26 06:54:09Z INFO ActionCommandManager] Register action command extension for command set-env
[2026-01-26 06:54:09Z INFO ActionCommandManager] Register action command extension for command set-output
[2026-01-26 06:54:09Z INFO ActionCommandManager] Register action command extension for command save-state
[2026-01-26 06:54:09Z INFO ActionCommandManager] Register action command extension for command add-path
[2026-01-26 06:54:09Z INFO ActionCommandManager] Register action command extension for command add-mask
[2026-01-26 06:54:09Z INFO ActionCommandManager] Register action command extension for command add-matcher
[2026-01-26 06:54:09Z INFO ActionCommandManager] Register action command extension for command remove-matcher
[2026-01-26 06:54:09Z INFO ActionCommandManager] Register action command extension for command warning
[2026-01-26 06:54:09Z INFO ActionCommandManager] Register action command extension for command error
[2026-01-26 06:54:09Z INFO ActionCommandManager] Register action command extension for command notice
[2026-01-26 06:54:09Z INFO ActionCommandManager] Register action command extension for command debug
[2026-01-26 06:54:09Z INFO ActionCommandManager] Register action command extension for command group
[2026-01-26 06:54:09Z INFO ActionCommandManager] Register action command extension for command endgroup
[2026-01-26 06:54:09Z INFO ActionCommandManager] Register action command extension for command echo
[2026-01-26 06:54:09Z INFO ScriptHandler] Which2: 'powershell'
[2026-01-26 06:54:09Z INFO ScriptHandler] Location: 'C:\Windows\System32\WindowsPowerShell\v1.0\powershell.EXE'
[2026-01-26 06:54:09Z INFO HostContext] Well known directory 'Bin': 'C:\Users\24049601\Downloads\RP\Semester 4\Mon - Tues DevOps Fundamentals - C270\Team2_Webapp\web-app\actions-runner\bin'
[2026-01-26 06:54:09Z INFO HostContext] Well known directory 'Root': 'C:\Users\24049601\Downloads\RP\Semester 4\Mon - Tues DevOps Fundamentals - C270\Team2_Webapp\web-app\actions-runner'
[2026-01-26 06:54:09Z INFO HostContext] Well known directory 'Work': 'C:\Users\24049601\Downloads\RP\Semester 4\Mon - Tues DevOps Fundamentals - C270\Team2_Webapp\web-app\actions-runner\_work'
[2026-01-26 06:54:09Z INFO HostContext] Well known directory 'Temp': 'C:\Users\24049601\Downloads\RP\Semester 4\Mon - Tues DevOps Fundamentals - C270\Team2_Webapp\web-app\actions-runner\_work\_temp'
[2026-01-26 06:54:09Z INFO ScriptHandler] Which2: 'powershell'
[2026-01-26 06:54:09Z INFO ScriptHandler] Location: 'C:\Windows\System32\WindowsPowerShell\v1.0\powershell.EXE'
[2026-01-26 06:54:09Z INFO ProcessInvokerWrapper] Starting process:
[2026-01-26 06:54:09Z INFO ProcessInvokerWrapper]   File name: 'C:\Windows\System32\WindowsPowerShell\v1.0\powershell.EXE'
[2026-01-26 06:54:09Z INFO ProcessInvokerWrapper]   Arguments: '-command ". 'C:\Users\24049601\Downloads\RP\Semester 4\Mon - Tues DevOps Fundamentals - C270\Team2_Webapp\web-app\actions-runner\_work\_temp\d32bebd9-cbc4-4f0a-96fe-3991312b7790.ps1'"'
[2026-01-26 06:54:09Z INFO ProcessInvokerWrapper]   Working directory: 'C:\Users\24049601\Downloads\RP\Semester 4\Mon - Tues DevOps Fundamentals - C270\Team2_Webapp\web-app\actions-runner\_work\web-app\web-app'
[2026-01-26 06:54:09Z INFO ProcessInvokerWrapper]   Require exit code zero: 'False'
[2026-01-26 06:54:09Z INFO ProcessInvokerWrapper]   Encoding web name:  ; code page: ''
[2026-01-26 06:54:09Z INFO ProcessInvokerWrapper]   Force kill process on cancellation: 'False'
[2026-01-26 06:54:09Z INFO ProcessInvokerWrapper]   Redirected STDIN: 'False'
[2026-01-26 06:54:09Z INFO ProcessInvokerWrapper]   Persist current code page: 'True'
[2026-01-26 06:54:09Z INFO ProcessInvokerWrapper]   Keep redirected STDIN open: 'False'
[2026-01-26 06:54:09Z INFO ProcessInvokerWrapper]   High priority process: 'False'
[2026-01-26 06:54:09Z INFO ProcessInvokerWrapper] Process started with process id 60404, waiting for process exit.
[2026-01-26 06:54:10Z INFO ResultServer] Successfully started websocket client.
[2026-01-26 06:54:10Z INFO JobServerQueue] Try to append 1 batches web console lines for record '9f29c74c-d2b0-4310-a2db-8d4a038f9668', success rate: 1/1.
[2026-01-26 06:54:10Z INFO JobServerQueue] Try to append 1 batches web console lines for record '06ca7b25-b133-4d2f-893f-f59846243115', success rate: 1/1.
[2026-01-26 06:54:10Z INFO JobServerQueue] Got a step log file to send to results service.
[2026-01-26 06:54:10Z INFO JobServerQueue] Starting upload of step log file to results service ResultsLog, C:\Users\24049601\Downloads\RP\Semester 4\Mon - Tues DevOps Fundamentals - C270\Team2_Webapp\web-app\actions-runner\_diag\blocks\25d65220-3e2a-4224-b661-aa9b089e2402_9f29c74c-d2b0-4310-a2db-8d4a038f9668.1
[2026-01-26 06:54:10Z INFO JobServerQueue] Try to upload 1 log files or attachments, success rate: 1/1.
[2026-01-26 06:54:11Z INFO JobServerQueue] Job timeline record has been updated for the first time.
[2026-01-26 06:54:11Z INFO JobServerQueue] Try to append 1 batches web console lines for record '06ca7b25-b133-4d2f-893f-f59846243115', success rate: 1/1.
[2026-01-26 06:54:12Z INFO ProcessInvokerWrapper] STDOUT/STDERR stream read finished.
[2026-01-26 06:54:12Z INFO ProcessInvokerWrapper] STDOUT/STDERR stream read finished.
[2026-01-26 06:54:12Z INFO ProcessInvokerWrapper] Finished process 60404 with exit code 0, and elapsed time 00:00:02.2814200.
[2026-01-26 06:54:12Z INFO CreateStepSummaryCommand] Step Summary file (C:\Users\24049601\Downloads\RP\Semester 4\Mon - Tues DevOps Fundamentals - C270\Team2_Webapp\web-app\actions-runner\_work\_temp\_runner_file_commands\step_summary_8b1c74b5-605a-47ac-b13c-a3a608457bb6) is empty; skipping attachment upload
[2026-01-26 06:54:12Z INFO StepsRunner] Step result: 
[2026-01-26 06:54:12Z INFO ExecutionContext] Publish step telemetry for current step {
  "action": "powershell",
  "type": "run",
  "stage": "Main",
  "stepId": "06ca7b25-b133-4d2f-893f-f59846243115",
  "stepContextName": "__run",
  "result": "succeeded",
  "errorMessages": [],
  "executionTimeInSeconds": 3,
  "startTime": "2026-01-26T06:54:09.6577376Z",
  "finishTime": "2026-01-26T06:54:12.0225425Z"
}.
[2026-01-26 06:54:12Z INFO StepsRunner] No need for updating job result with current step result 'Succeeded'.
[2026-01-26 06:54:12Z INFO StepsRunner] Current state: job state = ''
[2026-01-26 06:54:12Z INFO StepsRunner] Processing step: DisplayName='Stop old Docker container if exists'
[2026-01-26 06:54:12Z INFO StepsRunner] Evaluating: success()
[2026-01-26 06:54:12Z INFO StepsRunner] Result: true
[2026-01-26 06:54:12Z INFO StepsRunner] Starting the step.
[2026-01-26 06:54:12Z INFO HostContext] Well known directory 'Bin': 'C:\Users\24049601\Downloads\RP\Semester 4\Mon - Tues DevOps Fundamentals - C270\Team2_Webapp\web-app\actions-runner\bin'
[2026-01-26 06:54:12Z INFO HostContext] Well known directory 'Root': 'C:\Users\24049601\Downloads\RP\Semester 4\Mon - Tues DevOps Fundamentals - C270\Team2_Webapp\web-app\actions-runner'
[2026-01-26 06:54:12Z INFO HostContext] Well known directory 'Work': 'C:\Users\24049601\Downloads\RP\Semester 4\Mon - Tues DevOps Fundamentals - C270\Team2_Webapp\web-app\actions-runner\_work'
[2026-01-26 06:54:12Z INFO StepsRunner] Which2: 'chcp'
[2026-01-26 06:54:12Z INFO StepsRunner] Location: 'C:\Windows\system32\chcp.COM'
[2026-01-26 06:54:12Z INFO ProcessInvokerWrapper] Starting process:
[2026-01-26 06:54:12Z INFO ProcessInvokerWrapper]   File name: 'C:\Windows\system32\chcp.COM'
[2026-01-26 06:54:12Z INFO ProcessInvokerWrapper]   Arguments: '65001'
[2026-01-26 06:54:12Z INFO ProcessInvokerWrapper]   Working directory: 'C:\Users\24049601\Downloads\RP\Semester 4\Mon - Tues DevOps Fundamentals - C270\Team2_Webapp\web-app\actions-runner\_work'
[2026-01-26 06:54:12Z INFO ProcessInvokerWrapper]   Require exit code zero: 'False'
[2026-01-26 06:54:12Z INFO ProcessInvokerWrapper]   Encoding web name:  ; code page: ''
[2026-01-26 06:54:12Z INFO ProcessInvokerWrapper]   Force kill process on cancellation: 'False'
[2026-01-26 06:54:12Z INFO ProcessInvokerWrapper]   Redirected STDIN: 'False'
[2026-01-26 06:54:12Z INFO ProcessInvokerWrapper]   Persist current code page: 'True'
[2026-01-26 06:54:12Z INFO ProcessInvokerWrapper]   Keep redirected STDIN open: 'False'
[2026-01-26 06:54:12Z INFO ProcessInvokerWrapper]   High priority process: 'False'
[2026-01-26 06:54:12Z INFO ProcessInvokerWrapper] Process started with process id 60096, waiting for process exit.
[2026-01-26 06:54:12Z INFO ProcessInvokerWrapper] STDOUT/STDERR stream read finished.
[2026-01-26 06:54:12Z INFO ProcessInvokerWrapper] STDOUT/STDERR stream read finished.
[2026-01-26 06:54:12Z INFO ProcessInvokerWrapper] Finished process 60096 with exit code 0, and elapsed time 00:00:00.0135557.
[2026-01-26 06:54:12Z INFO StepsRunner] Successfully returned to code page 65001 (UTF8)
[2026-01-26 06:54:12Z INFO HostContext] Well known directory 'Bin': 'C:\Users\24049601\Downloads\RP\Semester 4\Mon - Tues DevOps Fundamentals - C270\Team2_Webapp\web-app\actions-runner\bin'
[2026-01-26 06:54:12Z INFO HostContext] Well known directory 'Root': 'C:\Users\24049601\Downloads\RP\Semester 4\Mon - Tues DevOps Fundamentals - C270\Team2_Webapp\web-app\actions-runner'
[2026-01-26 06:54:12Z INFO HostContext] Well known directory 'Work': 'C:\Users\24049601\Downloads\RP\Semester 4\Mon - Tues DevOps Fundamentals - C270\Team2_Webapp\web-app\actions-runner\_work'
[2026-01-26 06:54:12Z INFO HostContext] Well known directory 'Temp': 'C:\Users\24049601\Downloads\RP\Semester 4\Mon - Tues DevOps Fundamentals - C270\Team2_Webapp\web-app\actions-runner\_work\_temp'
[2026-01-26 06:54:12Z INFO ExecutionContext] Write event payload to C:\Users\24049601\Downloads\RP\Semester 4\Mon - Tues DevOps Fundamentals - C270\Team2_Webapp\web-app\actions-runner\_work\_temp\_github_workflow\event.json
[2026-01-26 06:54:12Z INFO HostContext] Well known directory 'Bin': 'C:\Users\24049601\Downloads\RP\Semester 4\Mon - Tues DevOps Fundamentals - C270\Team2_Webapp\web-app\actions-runner\bin'
[2026-01-26 06:54:12Z INFO HostContext] Well known directory 'Root': 'C:\Users\24049601\Downloads\RP\Semester 4\Mon - Tues DevOps Fundamentals - C270\Team2_Webapp\web-app\actions-runner'
[2026-01-26 06:54:12Z INFO HostContext] Well known directory 'Work': 'C:\Users\24049601\Downloads\RP\Semester 4\Mon - Tues DevOps Fundamentals - C270\Team2_Webapp\web-app\actions-runner\_work'
[2026-01-26 06:54:12Z INFO HostContext] Well known directory 'Temp': 'C:\Users\24049601\Downloads\RP\Semester 4\Mon - Tues DevOps Fundamentals - C270\Team2_Webapp\web-app\actions-runner\_work\_temp'
[2026-01-26 06:54:12Z INFO ExtensionManager] Getting extensions for interface: 'GitHub.Runner.Worker.IFileCommandExtension'
[2026-01-26 06:54:12Z INFO ExtensionManager] Getting extensions for interface: 'GitHub.Runner.Worker.IActionCommandExtension'
[2026-01-26 06:54:12Z INFO ActionCommandManager] Register action command extension for command internal-set-repo-path
[2026-01-26 06:54:12Z INFO ActionCommandManager] Register action command extension for command set-env
[2026-01-26 06:54:12Z INFO ActionCommandManager] Register action command extension for command set-output
[2026-01-26 06:54:12Z INFO ActionCommandManager] Register action command extension for command save-state
[2026-01-26 06:54:12Z INFO ActionCommandManager] Register action command extension for command add-path
[2026-01-26 06:54:12Z INFO ActionCommandManager] Register action command extension for command add-mask
[2026-01-26 06:54:12Z INFO ActionCommandManager] Register action command extension for command add-matcher
[2026-01-26 06:54:12Z INFO ActionCommandManager] Register action command extension for command remove-matcher
[2026-01-26 06:54:12Z INFO ActionCommandManager] Register action command extension for command warning
[2026-01-26 06:54:12Z INFO ActionCommandManager] Register action command extension for command error
[2026-01-26 06:54:12Z INFO ActionCommandManager] Register action command extension for command notice
[2026-01-26 06:54:12Z INFO ActionCommandManager] Register action command extension for command debug
[2026-01-26 06:54:12Z INFO ActionCommandManager] Register action command extension for command group
[2026-01-26 06:54:12Z INFO ActionCommandManager] Register action command extension for command endgroup
[2026-01-26 06:54:12Z INFO ActionCommandManager] Register action command extension for command echo
[2026-01-26 06:54:12Z INFO ScriptHandler] Which2: 'powershell'
[2026-01-26 06:54:12Z INFO ScriptHandler] Location: 'C:\Windows\System32\WindowsPowerShell\v1.0\powershell.EXE'
[2026-01-26 06:54:12Z INFO HostContext] Well known directory 'Bin': 'C:\Users\24049601\Downloads\RP\Semester 4\Mon - Tues DevOps Fundamentals - C270\Team2_Webapp\web-app\actions-runner\bin'
[2026-01-26 06:54:12Z INFO HostContext] Well known directory 'Root': 'C:\Users\24049601\Downloads\RP\Semester 4\Mon - Tues DevOps Fundamentals - C270\Team2_Webapp\web-app\actions-runner'
[2026-01-26 06:54:12Z INFO HostContext] Well known directory 'Work': 'C:\Users\24049601\Downloads\RP\Semester 4\Mon - Tues DevOps Fundamentals - C270\Team2_Webapp\web-app\actions-runner\_work'
[2026-01-26 06:54:12Z INFO HostContext] Well known directory 'Temp': 'C:\Users\24049601\Downloads\RP\Semester 4\Mon - Tues DevOps Fundamentals - C270\Team2_Webapp\web-app\actions-runner\_work\_temp'
[2026-01-26 06:54:12Z INFO ScriptHandler] Which2: 'powershell'
[2026-01-26 06:54:12Z INFO ScriptHandler] Location: 'C:\Windows\System32\WindowsPowerShell\v1.0\powershell.EXE'
[2026-01-26 06:54:12Z INFO ProcessInvokerWrapper] Starting process:
[2026-01-26 06:54:12Z INFO ProcessInvokerWrapper]   File name: 'C:\Windows\System32\WindowsPowerShell\v1.0\powershell.EXE'
[2026-01-26 06:54:12Z INFO ProcessInvokerWrapper]   Arguments: '-command ". 'C:\Users\24049601\Downloads\RP\Semester 4\Mon - Tues DevOps Fundamentals - C270\Team2_Webapp\web-app\actions-runner\_work\_temp\2b76c9e8-1fe2-4a2d-9de2-6696ad90fb1e.ps1'"'
[2026-01-26 06:54:12Z INFO ProcessInvokerWrapper]   Working directory: 'C:\Users\24049601\Downloads\RP\Semester 4\Mon - Tues DevOps Fundamentals - C270\Team2_Webapp\web-app\actions-runner\_work\web-app\web-app'
[2026-01-26 06:54:12Z INFO ProcessInvokerWrapper]   Require exit code zero: 'False'
[2026-01-26 06:54:12Z INFO ProcessInvokerWrapper]   Encoding web name:  ; code page: ''
[2026-01-26 06:54:12Z INFO ProcessInvokerWrapper]   Force kill process on cancellation: 'False'
[2026-01-26 06:54:12Z INFO ProcessInvokerWrapper]   Redirected STDIN: 'False'
[2026-01-26 06:54:12Z INFO ProcessInvokerWrapper]   Persist current code page: 'True'
[2026-01-26 06:54:12Z INFO ProcessInvokerWrapper]   Keep redirected STDIN open: 'False'
[2026-01-26 06:54:12Z INFO ProcessInvokerWrapper]   High priority process: 'False'
[2026-01-26 06:54:12Z INFO ProcessInvokerWrapper] Process started with process id 21100, waiting for process exit.
[2026-01-26 06:54:12Z INFO JobServerQueue] Try to append 1 batches web console lines for record 'b801ed77-1811-4003-a03f-2bfc20b349c8', success rate: 1/1.
[2026-01-26 06:54:12Z INFO ProcessInvokerWrapper] STDOUT/STDERR stream read finished.
[2026-01-26 06:54:12Z INFO ProcessInvokerWrapper] STDOUT/STDERR stream read finished.
[2026-01-26 06:54:12Z INFO JobServerQueue] Try to upload 1 log files or attachments, success rate: 1/1.
[2026-01-26 06:54:12Z INFO ProcessInvokerWrapper] Finished process 21100 with exit code 1, and elapsed time 00:00:00.5307355.
[2026-01-26 06:54:12Z INFO CreateStepSummaryCommand] Step Summary file (C:\Users\24049601\Downloads\RP\Semester 4\Mon - Tues DevOps Fundamentals - C270\Team2_Webapp\web-app\actions-runner\_work\_temp\_runner_file_commands\step_summary_ed6a0965-cc38-49f4-9a54-6543cfb227fa) is empty; skipping attachment upload
[2026-01-26 06:54:12Z INFO StepsRunner] Step result: Failed
[2026-01-26 06:54:12Z INFO ExecutionContext] Publish step telemetry for current step {
  "action": "powershell",
  "type": "run",
  "stage": "Main",
  "stepId": "b801ed77-1811-4003-a03f-2bfc20b349c8",
  "stepContextName": "__run_2",
  "result": "failed",
  "errorMessages": [
    "Process completed with exit code 1."
  ],
  "executionTimeInSeconds": 1,
  "startTime": "2026-01-26T06:54:12.0233528Z",
  "finishTime": "2026-01-26T06:54:12.5883002Z"
}.
[2026-01-26 06:54:12Z INFO StepsRunner] Update job result with current step result 'Failed'.
[2026-01-26 06:54:12Z INFO StepsRunner] Current state: job state = 'Failed'
[2026-01-26 06:54:12Z INFO StepsRunner] Processing step: DisplayName='Build Docker image'
[2026-01-26 06:54:12Z INFO StepsRunner] Evaluating: success()
[2026-01-26 06:54:12Z INFO StepsRunner] Result: false
[2026-01-26 06:54:12Z INFO StepsRunner] Skipping step due to condition evaluation.
[2026-01-26 06:54:12Z INFO StepsRunner] No need for updating job result with current step result 'Skipped'.
[2026-01-26 06:54:12Z INFO StepsRunner] Current state: job state = 'Failed'
[2026-01-26 06:54:12Z INFO StepsRunner] Processing step: DisplayName='Run Docker container'
[2026-01-26 06:54:12Z INFO StepsRunner] Evaluating: success()
[2026-01-26 06:54:12Z INFO StepsRunner] Result: false
[2026-01-26 06:54:12Z INFO StepsRunner] Skipping step due to condition evaluation.
[2026-01-26 06:54:12Z INFO StepsRunner] No need for updating job result with current step result 'Skipped'.
[2026-01-26 06:54:12Z INFO StepsRunner] Current state: job state = 'Failed'
[2026-01-26 06:54:12Z INFO StepsRunner] Processing step: DisplayName='Run CI test script'
[2026-01-26 06:54:12Z INFO StepsRunner] Evaluating: success()
[2026-01-26 06:54:12Z INFO StepsRunner] Result: false
[2026-01-26 06:54:12Z INFO StepsRunner] Skipping step due to condition evaluation.
[2026-01-26 06:54:12Z INFO StepsRunner] No need for updating job result with current step result 'Skipped'.
[2026-01-26 06:54:12Z INFO StepsRunner] Current state: job state = 'Failed'
[2026-01-26 06:54:12Z INFO JobRunner] Finalize job.
[2026-01-26 06:54:12Z INFO HostContext] Well known directory 'Bin': 'C:\Users\24049601\Downloads\RP\Semester 4\Mon - Tues DevOps Fundamentals - C270\Team2_Webapp\web-app\actions-runner\bin'
[2026-01-26 06:54:12Z INFO HostContext] Well known directory 'Root': 'C:\Users\24049601\Downloads\RP\Semester 4\Mon - Tues DevOps Fundamentals - C270\Team2_Webapp\web-app\actions-runner'
[2026-01-26 06:54:12Z INFO HostContext] Well known directory 'Diag': 'C:\Users\24049601\Downloads\RP\Semester 4\Mon - Tues DevOps Fundamentals - C270\Team2_Webapp\web-app\actions-runner\_diag'
[2026-01-26 06:54:12Z INFO HostContext] Well known directory 'Bin': 'C:\Users\24049601\Downloads\RP\Semester 4\Mon - Tues DevOps Fundamentals - C270\Team2_Webapp\web-app\actions-runner\bin'
[2026-01-26 06:54:12Z INFO HostContext] Well known directory 'Root': 'C:\Users\24049601\Downloads\RP\Semester 4\Mon - Tues DevOps Fundamentals - C270\Team2_Webapp\web-app\actions-runner'
[2026-01-26 06:54:12Z INFO HostContext] Well known directory 'Diag': 'C:\Users\24049601\Downloads\RP\Semester 4\Mon - Tues DevOps Fundamentals - C270\Team2_Webapp\web-app\actions-runner\_diag'
[2026-01-26 06:54:12Z INFO JobExtension] Initialize Env context
[2026-01-26 06:54:12Z INFO JobExtension] Initialize steps context
[2026-01-26 06:54:12Z INFO JobExtension] Total accessible running process: 371.
[2026-01-26 06:54:12Z INFO JobExtension] Wait for all connectivity checks to finish.
[2026-01-26 06:54:12Z INFO JobExtension] Connectivity check result: GitHub.Runner.Worker.JobExtension+CheckResult
[2026-01-26 06:54:12Z INFO JobExtension] Connectivity check result: GitHub.Runner.Worker.JobExtension+CheckResult
[2026-01-26 06:54:12Z INFO ExecutionContext] Publish step telemetry for current step {
  "action": "complete_job",
  "type": "runner",
  "stage": "Post",
  "stepId": "690fe661-a772-42ff-946d-c609e57f9343",
  "result": "succeeded",
  "errorMessages": [],
  "executionTimeInSeconds": 1,
  "startTime": "2026-01-26T06:54:12.5955328Z",
  "finishTime": "2026-01-26T06:54:12.6090279Z"
}.
[2026-01-26 06:54:12Z INFO JobRunner] Job result after all job steps finish: Failed
[2026-01-26 06:54:12Z INFO JobRunner] Completing the job execution context.
[2026-01-26 06:54:12Z INFO JobRunner] Shutting down the job server queue.
[2026-01-26 06:54:12Z INFO JobServerQueue] Fire signal to shutdown all queues.
[2026-01-26 06:54:12Z INFO JobServerQueue] Tried to upload 1 file(s) to results, success rate: 1/1.
[2026-01-26 06:54:13Z INFO JobServerQueue] All queue process task stopped.
[2026-01-26 06:54:13Z INFO JobServerQueue] Try to append 1 batches web console lines for record 'b801ed77-1811-4003-a03f-2bfc20b349c8', success rate: 1/1.
[2026-01-26 06:54:13Z INFO JobServerQueue] Try to append 1 batches web console lines for record '690fe661-a772-42ff-946d-c609e57f9343', success rate: 1/1.
[2026-01-26 06:54:13Z INFO JobServerQueue] Web console line queue drained.
[2026-01-26 06:54:13Z INFO JobServerQueue] Uploading 3 files in one shot.
[2026-01-26 06:54:13Z INFO JobServerQueue] Try to upload 3 log files or attachments, success rate: 3/3.
[2026-01-26 06:54:13Z INFO JobServerQueue] File upload queue drained.
[2026-01-26 06:54:13Z INFO JobServerQueue] Starting results-based upload queue...
[2026-01-26 06:54:13Z INFO JobServerQueue] Uploading 4 file(s) in one shot through results service.
[2026-01-26 06:54:13Z INFO JobServerQueue] Got a step log file to send to results service.
[2026-01-26 06:54:13Z INFO JobServerQueue] Starting upload of step log file to results service ResultsLog, C:\Users\24049601\Downloads\RP\Semester 4\Mon - Tues DevOps Fundamentals - C270\Team2_Webapp\web-app\actions-runner\_diag\blocks\25d65220-3e2a-4224-b661-aa9b089e2402_06ca7b25-b133-4d2f-893f-f59846243115.1
[2026-01-26 06:54:14Z INFO JobServerQueue] Got a step log file to send to results service.
[2026-01-26 06:54:14Z INFO JobServerQueue] Starting upload of step log file to results service ResultsLog, C:\Users\24049601\Downloads\RP\Semester 4\Mon - Tues DevOps Fundamentals - C270\Team2_Webapp\web-app\actions-runner\_diag\blocks\25d65220-3e2a-4224-b661-aa9b089e2402_b801ed77-1811-4003-a03f-2bfc20b349c8.1
[2026-01-26 06:54:15Z INFO JobServerQueue] Got a step log file to send to results service.
[2026-01-26 06:54:15Z INFO JobServerQueue] Starting upload of step log file to results service ResultsLog, C:\Users\24049601\Downloads\RP\Semester 4\Mon - Tues DevOps Fundamentals - C270\Team2_Webapp\web-app\actions-runner\_diag\blocks\25d65220-3e2a-4224-b661-aa9b089e2402_690fe661-a772-42ff-946d-c609e57f9343.1
[2026-01-26 06:54:16Z INFO JobServerQueue] Got a job log file to send to results service.
[2026-01-26 06:54:16Z INFO JobServerQueue] Starting upload of job log file to results service ResultsLog, C:\Users\24049601\Downloads\RP\Semester 4\Mon - Tues DevOps Fundamentals - C270\Team2_Webapp\web-app\actions-runner\_diag\blocks\25d65220-3e2a-4224-b661-aa9b089e2402_6943e79e-a061-5ec5-912d-196d7c44b6a5.1
[2026-01-26 06:54:16Z INFO JobServerQueue] Tried to upload 4 file(s) to results, success rate: 4/4.
[2026-01-26 06:54:16Z INFO JobServerQueue] Results upload queue drained.
[2026-01-26 06:54:17Z INFO JobServerQueue] Timeline update queue drained.
[2026-01-26 06:54:17Z INFO JobServerQueue] Disposing job server ...
[2026-01-26 06:54:17Z INFO JobServerQueue] Disposing results server ...
[2026-01-26 06:54:17Z INFO JobServerQueue] All queue process tasks have been stopped, and all queues are drained.
[2026-01-26 06:54:17Z INFO TempDirectoryManager] Cleaning runner temp folder: C:\Users\24049601\Downloads\RP\Semester 4\Mon - Tues DevOps Fundamentals - C270\Team2_Webapp\web-app\actions-runner\_work\_temp
[2026-01-26 06:54:17Z INFO HostContext] Well known directory 'Bin': 'C:\Users\24049601\Downloads\RP\Semester 4\Mon - Tues DevOps Fundamentals - C270\Team2_Webapp\web-app\actions-runner\bin'
[2026-01-26 06:54:17Z INFO HostContext] Well known directory 'Root': 'C:\Users\24049601\Downloads\RP\Semester 4\Mon - Tues DevOps Fundamentals - C270\Team2_Webapp\web-app\actions-runner'
[2026-01-26 06:54:17Z INFO HostContext] Well known directory 'Diag': 'C:\Users\24049601\Downloads\RP\Semester 4\Mon - Tues DevOps Fundamentals - C270\Team2_Webapp\web-app\actions-runner\_diag'
[2026-01-26 06:54:17Z INFO HostContext] Well known config file 'Telemetry': 'C:\Users\24049601\Downloads\RP\Semester 4\Mon - Tues DevOps Fundamentals - C270\Team2_Webapp\web-app\actions-runner\_diag\.telemetry'
[2026-01-26 06:54:17Z INFO JobRunner] Raising job completed against run service
[2026-01-26 06:54:17Z INFO Worker] Job completed.
